生成启动时间为 2014/6/6 17:00:02。
     1>项目“D:\admin\desktop\DragonNest\Tools\dntfile\dnthandler\dnthandler.vcxproj”在节点 2 上(Rebuild 个目标)。
     1>ClCompile:
         D:\Program Files (x86)\Microsoft Visual Studio 12.0\VC\bin\CL.exe /c /ZI /nologo /W3 /WX- /sdl /Od /Oy- /D WIN32 /D _DEBUG /D _WINDOWS /D _USRDLL /D DNTHANDLER_EXPORTS /D _WINDLL /D _UNICODE /D UNICODE /Gm /EHsc /RTC1 /MDd /GS /fp:precise /Zc:wchar_t /Zc:forScope /Yc"stdafx.h" /Fp"Debug\dnthandler.pch" /Fo"Debug\\" /Fd"Debug\vc120.pdb" /Gd /TP /analyze- /errorReport:prompt stdafx.cpp
         stdafx.cpp
     1>d:\admin\desktop\dragonnest\tools\dntfile\dnthandler\dnt.h(86): warning C4018: “<”: 有符号/无符号不匹配
         D:\Program Files (x86)\Microsoft Visual Studio 12.0\VC\bin\CL.exe /c /ZI /nologo /W3 /WX- /sdl /Od /Oy- /D WIN32 /D _DEBUG /D _WINDOWS /D _USRDLL /D DNTHANDLER_EXPORTS /D _WINDLL /D _UNICODE /D UNICODE /Gm /EHsc /RTC1 /MDd /GS /fp:precise /Zc:wchar_t /Zc:forScope /Fo"Debug\\" /Fd"Debug\vc120.pdb" /Gd /TP /analyze- /errorReport:prompt dllmain.cpp
         dllmain.cpp
     1>d:\admin\desktop\dragonnest\tools\dntfile\dnthandler\dnt.h(86): warning C4018: “<”: 有符号/无符号不匹配
         D:\Program Files (x86)\Microsoft Visual Studio 12.0\VC\bin\CL.exe /c /ZI /nologo /W3 /WX- /sdl /Od /Oy- /D WIN32 /D _DEBUG /D _WINDOWS /D _USRDLL /D DNTHANDLER_EXPORTS /D _WINDLL /D _UNICODE /D UNICODE /Gm /EHsc /RTC1 /MDd /GS /fp:precise /Zc:wchar_t /Zc:forScope /Yu"stdafx.h" /Fp"Debug\dnthandler.pch" /Fo"Debug\\" /Fd"Debug\vc120.pdb" /Gd /TP /analyze- /errorReport:prompt dnt.cpp dnthandler.cpp
         dnthandler.cpp
     1>d:\admin\desktop\dragonnest\tools\dntfile\dnthandler\dnthandler.cpp(78): warning C4244: “=”: 从“double”转换到“float”，可能丢失数据
     1>d:\admin\desktop\dragonnest\tools\dntfile\dnthandler\dnthandler.cpp(81): warning C4244: “=”: 从“double”转换到“float”，可能丢失数据
         dnt.cpp
     1>d:\admin\desktop\dragonnest\tools\dntfile\dnthandler\dnt.cpp(179): warning C4244: “初始化”: 从“std::streamoff”转换到“int”，可能丢失数据
     1>d:\admin\desktop\dragonnest\tools\dntfile\dnthandler\dnt.cpp(200): warning C4018: “<”: 有符号/无符号不匹配
     1>d:\admin\desktop\dragonnest\tools\dntfile\dnthandler\dnt.cpp(213): warning C4018: “<”: 有符号/无符号不匹配
     1>d:\admin\desktop\dragonnest\tools\dntfile\dnthandler\dnt.cpp(271): warning C4018: “<”: 有符号/无符号不匹配
     1>d:\admin\desktop\dragonnest\tools\dntfile\dnthandler\dnt.cpp(309): warning C4018: “<”: 有符号/无符号不匹配
     1>d:\admin\desktop\dragonnest\tools\dntfile\dnthandler\dnt.cpp(329): warning C4018: “<”: 有符号/无符号不匹配
         正在生成代码...
       Link:
         D:\Program Files (x86)\Microsoft Visual Studio 12.0\VC\bin\link.exe /ERRORREPORT:PROMPT /OUT:"D:\admin\desktop\DragonNest\Tools\dntfile\Debug\dnthandler.dll" /INCREMENTAL /NOLOGO kernel32.lib user32.lib gdi32.lib winspool.lib comdlg32.lib advapi32.lib shell32.lib ole32.lib oleaut32.lib uuid.lib odbc32.lib odbccp32.lib /MANIFEST /MANIFESTUAC:"level='asInvoker' uiAccess='false'" /manifest:embed /DEBUG /PDB:"D:\admin\desktop\DragonNest\Tools\dntfile\Debug\dnthandler.pdb" /SUBSYSTEM:WINDOWS /TLBID:1 /DYNAMICBASE /NXCOMPAT /IMPLIB:"D:\admin\desktop\DragonNest\Tools\dntfile\Debug\dnthandler.lib" /MACHINE:X86 /DLL Debug\dllmain.obj
         Debug\dnt.obj
         Debug\dnthandler.obj
         Debug\stdafx.obj
            正在创建库 D:\admin\desktop\DragonNest\Tools\dntfile\Debug\dnthandler.lib 和对象 D:\admin\desktop\DragonNest\Tools\dntfile\Debug\dnthandler.exp
         dnthandler.vcxproj -> D:\admin\desktop\DragonNest\Tools\dntfile\Debug\dnthandler.dll
     1>已完成生成项目“D:\admin\desktop\DragonNest\Tools\dntfile\dnthandler\dnthandler.vcxproj”(Rebuild 个目标)的操作。

生成成功。

已用时间 00:00:02.35
